c:\users\fullsail\documents\school\month 24\ai\lab repository\02 - path planner\project\pathsearch\release\vc120.pdb
c:\users\fullsail\documents\school\month 24\ai\lab repository\02 - path planner\project\pathsearch\release\pathsearch.obj
e:\school\month 24\ai\lab repository\02 - path planner\project\pathsearch\release\vc120.pdb
e:\school\month 24\ai\lab repository\02 - path planner\project\pathsearch\release\pathsearch.obj
c:\users\fullsail\documents\school\month 24\ai\lab repository\02 - path planner\project\release\pathsearch.dll
c:\users\fullsail\documents\school\month 24\ai\lab repository\02 - path planner\project\release\pathsearch.pdb
e:\school\month 24\ai\lab repository\02 - path planner\project\release\pathsearch.dll
e:\school\month 24\ai\lab repository\02 - path planner\project\release\pathsearch.pdb
c:\users\fullsail\documents\school\month 24\ai\lab repository\02 - path planner\project\release\pathsearch.lib
c:\users\fullsail\documents\school\month 24\ai\lab repository\02 - path planner\project\release\pathsearch.exp
e:\school\month 24\ai\lab repository\02 - path planner\project\release\pathsearch.lib
e:\school\month 24\ai\lab repository\02 - path planner\project\release\pathsearch.exp
e:\github.io\silence792.github.io\project\pathsearch\release\pathsearch.obj
e:\github.io\silence792.github.io\project\pathsearch\release\vc120.pdb
e:\github.io\silence792.github.io\project\release\pathsearch.pdb
e:\github.io\silence792.github.io\project\release\pathsearch.dll
e:\github.io\silence792.github.io\project\pathsearch\release\pathsearch.tlog\cl.command.1.tlog
e:\github.io\silence792.github.io\project\pathsearch\release\pathsearch.tlog\cl.read.1.tlog
e:\github.io\silence792.github.io\project\pathsearch\release\pathsearch.tlog\cl.write.1.tlog
e:\github.io\silence792.github.io\project\pathsearch\release\pathsearch.tlog\link.command.1.tlog
e:\github.io\silence792.github.io\project\pathsearch\release\pathsearch.tlog\link.read.1.tlog
e:\github.io\silence792.github.io\project\pathsearch\release\pathsearch.tlog\link.write.1.tlog
e:\github.io\silence792.github.io\project\pathsearch\release\pathsearch.tlog\pathsearch.write.1u.tlog
