c:\users\fullsail\documents\school\month 24\ai\lab repository\02 - path planner\project\pathplannerapp\release\vc120.pdb
c:\users\fullsail\documents\school\month 24\ai\lab repository\02 - path planner\project\pathplannerapp\release\pathplannerlab.obj
e:\school\month 24\ai\lab repository\02 - path planner\project\pathplannerapp\release\vc120.pdb
e:\school\month 24\ai\lab repository\02 - path planner\project\pathplannerapp\release\pathplannerlab.obj
c:\users\fullsail\documents\school\month 24\ai\lab repository\02 - path planner\project\release\pathplannerapp.exe
c:\users\fullsail\documents\school\month 24\ai\lab repository\02 - path planner\project\release\pathplannerapp.pdb
e:\school\month 24\ai\lab repository\02 - path planner\project\release\pathplannerapp.exe
e:\school\month 24\ai\lab repository\02 - path planner\project\release\pathplannerapp.pdb
c:\users\fullsail\documents\school\month 24\ai\lab repository\02 - path planner\project\pathplannerapp\release\pathplanner.res
e:\school\month 24\ai\lab repository\02 - path planner\project\pathplannerapp\release\pathplanner.res
e:\github.io\silence792.github.io\project\pathplannerapp\release\pathplannerlab.obj
e:\github.io\silence792.github.io\project\pathplannerapp\release\pathplanner.res
e:\github.io\silence792.github.io\project\pathplannerapp\release\vc120.pdb
e:\github.io\silence792.github.io\project\release\pathplannerapp.pdb
e:\github.io\silence792.github.io\project\release\pathplannerapp.exe
e:\github.io\silence792.github.io\project\pathplannerapp\release\pathplannerapp.tlog\cl.command.1.tlog
e:\github.io\silence792.github.io\project\pathplannerapp\release\pathplannerapp.tlog\cl.read.1.tlog
e:\github.io\silence792.github.io\project\pathplannerapp\release\pathplannerapp.tlog\cl.write.1.tlog
e:\github.io\silence792.github.io\project\pathplannerapp\release\pathplannerapp.tlog\link.command.1.tlog
e:\github.io\silence792.github.io\project\pathplannerapp\release\pathplannerapp.tlog\link.read.1.tlog
e:\github.io\silence792.github.io\project\pathplannerapp\release\pathplannerapp.tlog\link.write.1.tlog
e:\github.io\silence792.github.io\project\pathplannerapp\release\pathplannerapp.tlog\rc.command.1.tlog
e:\github.io\silence792.github.io\project\pathplannerapp\release\pathplannerapp.tlog\rc.read.1.tlog
e:\github.io\silence792.github.io\project\pathplannerapp\release\pathplannerapp.tlog\rc.write.1.tlog
