c:\users\fullsail\documents\school\month 24\ai\lab repository\02 - path planner\project\tilesystem\release\vc120.pdb
c:\users\fullsail\documents\school\month 24\ai\lab repository\02 - path planner\project\tilesystem\release\tilemap.obj
c:\users\fullsail\documents\school\month 24\ai\lab repository\02 - path planner\project\tilesystem\release\tile.obj
e:\school\month 24\ai\lab repository\02 - path planner\project\tilesystem\release\vc120.pdb
e:\school\month 24\ai\lab repository\02 - path planner\project\tilesystem\release\tilemap.obj
e:\school\month 24\ai\lab repository\02 - path planner\project\tilesystem\release\tile.obj
c:\users\fullsail\documents\school\month 24\ai\lab repository\02 - path planner\project\release\tilesystem.dll
c:\users\fullsail\documents\school\month 24\ai\lab repository\02 - path planner\project\release\tilesystem.pdb
e:\school\month 24\ai\lab repository\02 - path planner\project\release\tilesystem.dll
e:\school\month 24\ai\lab repository\02 - path planner\project\release\tilesystem.pdb
c:\users\fullsail\documents\school\month 24\ai\lab repository\02 - path planner\project\release\tilesystem.lib
c:\users\fullsail\documents\school\month 24\ai\lab repository\02 - path planner\project\release\tilesystem.exp
e:\school\month 24\ai\lab repository\02 - path planner\project\release\tilesystem.lib
e:\school\month 24\ai\lab repository\02 - path planner\project\release\tilesystem.exp
e:\github.io\silence792.github.io\project\tilesystem\release\tile.obj
e:\github.io\silence792.github.io\project\tilesystem\release\tilemap.obj
e:\github.io\silence792.github.io\project\tilesystem\release\vc120.pdb
e:\github.io\silence792.github.io\project\release\tilesystem.pdb
e:\github.io\silence792.github.io\project\release\tilesystem.dll
e:\github.io\silence792.github.io\project\tilesystem\release\tilesystem.tlog\cl.command.1.tlog
e:\github.io\silence792.github.io\project\tilesystem\release\tilesystem.tlog\cl.read.1.tlog
e:\github.io\silence792.github.io\project\tilesystem\release\tilesystem.tlog\cl.write.1.tlog
e:\github.io\silence792.github.io\project\tilesystem\release\tilesystem.tlog\link.command.1.tlog
e:\github.io\silence792.github.io\project\tilesystem\release\tilesystem.tlog\link.read.1.tlog
e:\github.io\silence792.github.io\project\tilesystem\release\tilesystem.tlog\link.write.1.tlog
e:\github.io\silence792.github.io\project\tilesystem\release\tilesystem.tlog\tilesystem.write.1u.tlog
